<?xml version="1.0" encoding="UTF-8"?>
<testsuite xmlns:xsi="http://www.w3.org/2001/XMLSchema-instance" xsi:noNamespaceSchemaLocation="https://maven.apache.org/surefire/maven-surefire-plugin/xsd/surefire-test-report-3.0.xsd" version="3.0" name="com.bart.traderdatagenerator.TraderDataGeneratorApplicationTests" time="3.02" tests="1" errors="0" skipped="0" failures="0">
  <properties>
[...]
</properties>
  <testcase name="contextLoads" classname="com.bart.traderdatagenerator.TraderDataGeneratorApplicationTests" time="0.999">
    <system-out><![CDATA[16:34:21.755 [main] INFO org.springframework.test.context.support.AnnotationConfigContextLoaderUtils -- Could not detect default configuration classes for test class [com.bart.traderdatagenerator.TraderDataGeneratorApplicationTests]: TraderDataGeneratorApplicationTests does not declare any static, non-private, non-final, nested classes annotated with @Configuration.
16:34:21.872 [main] INFO org.springframework.boot.test.context.SpringBootTestContextBootstrapper -- Found @SpringBootConfiguration com.bart.traderdatagenerator.TraderDataGeneratorApplication for test class com.bart.traderdatagenerator.TraderDataGeneratorApplicationTests

  .   ____          _            __ _ _
 /\\ / ___'_ __ _ _(_)_ __  __ _ \ \ \ \
( ( )\___ | '_ | '_| | '_ \/ _` | \ \ \ \
 \\/  ___)| |_)| | | | | || (_| |  ) ) ) )
  '  |____| .__|_| |_|_| |_\__, | / / / /
 =========|_|==============|___/=/_/_/_/
 :: Spring Boot ::                (v3.2.4)

2024-04-29T16:34:22.488+02:00  INFO 4972 --- [trader-data-generator] [           main] .b.t.TraderDataGeneratorApplicationTests : Starting TraderDataGeneratorApplicationTests using Java 21.0.3 with PID 4972 (started by bartm in M:\Projects\Trader-with-Kafka\trader-data-producer)
2024-04-29T16:34:22.490+02:00  INFO 4972 --- [trader-data-generator] [           main] .b.t.TraderDataGeneratorApplicationTests : No active profile set, falling back to 1 default profile: "default"
2024-04-29T16:34:23.637+02:00  INFO 4972 --- [trader-data-generator] [           main] .b.t.TraderDataGeneratorApplicationTests : Started TraderDataGeneratorApplicationTests in 1.505 seconds (process running for 2.992)
]]></system-out>
    <system-err><![CDATA[WARNING: A Java agent has been loaded dynamically (C:\Users\bartm\.m2\repository\net\bytebuddy\byte-buddy-agent\1.14.12\byte-buddy-agent-1.14.12.jar)
WARNING: If a serviceability tool is in use, please run with -XX:+EnableDynamicAgentLoading to hide this warning
WARNING: If a serviceability tool is not in use, please run with -Djdk.instrument.traceUsage for more information
WARNING: Dynamic loading of agents will be disallowed by default in a future release
]]></system-err>
  </testcase>
</testsuite>